<?xml version="1.0" encoding="UTF-8"?>
<!-- Generated by org.testng.reporters.JUnitReportReporter -->
<testsuite hostname="LAPTOP-J74PBGG1" failures="0" tests="1" name="GoogleTest2.google2.SampleTestNgTest" time="5.379" errors="0" timestamp="2021-02-06T21:06:50 NZDT" skipped="0">
  <testcase classname="GoogleTest2.google2.SampleTestNgTest" name="assertPageTitle" time="5.379"/>
  <system-out/>
</testsuite> <!-- GoogleTest2.google2.SampleTestNgTest -->
